app/build/intermediates/manifest_merge_blame_file/debug/manifest-merger-blame-debug-report.txt
1<?xml version="1.0" encoding="utf-8"?>
2<manifest xmlns:android="http://schemas.android.com/apk/res/android"
3    package="com.hajau.simplekeyboard"
4    android:versionName="1.0.1" >
5
6    <uses-sdk
7        android:minSdkVersion="23"
7-->src\main\AndroidManifest.xml
8        android:targetSdkVersion="33" />
8-->src\main\AndroidManifest.xml
9
10    <application
10-->src\main\AndroidManifest.xml:5:5-32:19
11        android:allowBackup="true"
11-->src\main\AndroidManifest.xml:6:9-35
12        android:appComponentFactory="android.support.v4.app.CoreComponentFactory"
12-->[com.android.support:support-compat:28.0.0] AndroidManifest.xml:22:18-91
13        android:debuggable="true"
14        android:extractNativeLibs="false"
15        android:icon="@mipmap/ic_launcher"
15-->src\main\AndroidManifest.xml:7:9-43
16        android:label="@string/app_name"
16-->src\main\AndroidManifest.xml:8:9-41
17        android:testOnly="true"
18        android:theme="@style/AppTheme" >
18-->src\main\AndroidManifest.xml:9:9-40
19        <activity
19-->src\main\AndroidManifest.xml:10:9-17:20
20            android:name="com.hajau.simplekeyboard.MainActivity"
20-->src\main\AndroidManifest.xml:11:13-41
21            android:exported="true" >
21-->src\main\AndroidManifest.xml:12:13-36
22            <intent-filter>
22-->src\main\AndroidManifest.xml:13:13-16:29
23                <action android:name="android.intent.action.MAIN" />
23-->src\main\AndroidManifest.xml:14:17-69
23-->src\main\AndroidManifest.xml:14:25-66
24
25                <category android:name="android.intent.category.LAUNCHER" />
25-->src\main\AndroidManifest.xml:15:17-77
25-->src\main\AndroidManifest.xml:15:27-74
26            </intent-filter>
27        </activity>
28
29        <service
29-->src\main\AndroidManifest.xml:19:9-31:19
30            android:name="com.hajau.simplekeyboard.SimpleIME"
30-->src\main\AndroidManifest.xml:20:13-38
31            android:exported="true"
31-->src\main\AndroidManifest.xml:21:13-36
32            android:label="@string/simple_ime"
32-->src\main\AndroidManifest.xml:22:13-47
33            android:permission="android.permission.BIND_INPUT_METHOD" >
33-->src\main\AndroidManifest.xml:23:13-70
34            <meta-data
34-->src\main\AndroidManifest.xml:24:13-26:50
35                android:name="android.view.im"
35-->src\main\AndroidManifest.xml:25:17-47
36                android:resource="@xml/method" />
36-->src\main\AndroidManifest.xml:26:17-47
37
38            <intent-filter>
38-->src\main\AndroidManifest.xml:28:13-30:29
39                <action android:name="android.view.InputMethod" />
39-->src\main\AndroidManifest.xml:29:17-67
39-->src\main\AndroidManifest.xml:29:25-64
40            </intent-filter>
41        </service>
42    </application>
43
44</manifest>